<?xml version="1.0" encoding="UTF-8"?>
<!-- Generated by org.testng.reporters.JUnitReportReporter -->
<testsuite hostname="LeshmiSat" failures="0" tests="1" name="com.buffalocart.test.NewUserLoginTest" time="10.878" errors="0" timestamp="2022-02-01T08:06:27 IST" skipped="0">
  <testcase classname="com.buffalocart.test.NewUserLoginTest" name="verifyNewUserSignin" time="10.878"/>
  <system-out/>
</testsuite> <!-- com.buffalocart.test.NewUserLoginTest -->
