<?xml version="1.0" encoding="UTF-8"?>
<!-- Generated by org.testng.reporters.JUnitReportReporter -->
<testsuite hostname="LeshmiSat" failures="0" tests="5" name="com.buffalocart.test.HomePageTest" time="11.540" errors="0" timestamp="2022-02-01T08:06:27 IST" skipped="0">
  <testcase classname="com.buffalocart.test.HomePageTest" name="verifyGetYourAccountPage" time="3.821"/>
  <system-out/>
  <testcase classname="com.buffalocart.test.HomePageTest" name="verifyAttendanceMark" time="7.368"/>
  <system-out/>
  <testcase classname="com.buffalocart.test.HomePageTest" name="verifyhomePagetitle" time="0.024"/>
  <system-out/>
  <testcase classname="com.buffalocart.test.HomePageTest" name="verifydate" time="0.015"/>
  <system-out/>
  <testcase classname="com.buffalocart.test.HomePageTest" name="verifySearchMenu" time="0.312"/>
  <system-out/>
</testsuite> <!-- com.buffalocart.test.HomePageTest -->
