<?xml version="1.0" encoding="UTF-8"?>
<!-- Generated by org.testng.reporters.JUnitReportReporter -->
<testsuite hostname="LeshmiSat" failures="0" tests="4" name="com.buffalocart.test.ForgotPasswordTest" time="40.996" errors="0" timestamp="2022-02-01T08:06:27 IST" skipped="0">
  <testcase classname="com.buffalocart.test.ForgotPasswordTest" name="verifyRememberPassword" time="0.113"/>
  <system-out/>
  <testcase classname="com.buffalocart.test.ForgotPasswordTest" name="forgotpasswordPage" time="34.516"/>
  <system-out/>
  <testcase classname="com.buffalocart.test.ForgotPasswordTest" name="verifyInvalidLogin" time="5.002"/>
  <system-out/>
  <testcase classname="com.buffalocart.test.ForgotPasswordTest" name="verifyRememberedPassword" time="1.365"/>
  <system-out/>
</testsuite> <!-- com.buffalocart.test.ForgotPasswordTest -->
