<?xml version="1.0" encoding="UTF-8"?>
<!-- Generated by org.testng.reporters.JUnitReportReporter -->
<testsuite hostname="LeshmiSat" failures="0" tests="3" name="com.buffalocart.test.ImportleadTest" time="24.173" errors="0" timestamp="2022-02-01T08:06:27 IST" skipped="0">
  <testcase classname="com.buffalocart.test.ImportleadTest" name="verifyNewLead" time="16.829"/>
  <system-out/>
  <testcase classname="com.buffalocart.test.ImportleadTest" name="verifyImprtLeadpage" time="2.896"/>
  <system-out/>
  <testcase classname="com.buffalocart.test.ImportleadTest" name="verifyUploadFile" time="4.448"/>
  <system-out/>
</testsuite> <!-- com.buffalocart.test.ImportleadTest -->
