<?xml version="1.0" encoding="UTF-8"?>
<!-- Generated by org.testng.reporters.JUnitReportReporter -->
<testsuite hostname="LeshmiSat" failures="0" tests="2" name="com.buffalocart.test.LogoutTest" time="17.230" errors="0" timestamp="2022-02-01T08:06:27 IST" skipped="0">
  <testcase classname="com.buffalocart.test.LogoutTest" name="verifyNewLead" time="12.935"/>
  <system-out/>
  <testcase classname="com.buffalocart.test.LogoutTest" name="verifyLogoutpage" time="4.295"/>
  <system-out/>
</testsuite> <!-- com.buffalocart.test.LogoutTest -->
