<?xml version="1.0" encoding="UTF-8"?>
<!-- Generated by org.testng.reporters.JUnitReportReporter -->
<testsuite hostname="LeshmiSat" failures="0" tests="2" name="com.buffalocart.test.StockManagmentTest" time="13.000" errors="0" timestamp="2022-02-01T08:06:27 IST" skipped="0">
  <testcase classname="com.buffalocart.test.StockManagmentTest" name="verifySignin" time="12.166"/>
  <system-out/>
  <testcase classname="com.buffalocart.test.StockManagmentTest" name="verifyUserList" time="0.834"/>
  <system-out/>
</testsuite> <!-- com.buffalocart.test.StockManagmentTest -->
