<?xml version="1.0" encoding="UTF-8"?>
<!-- Generated by org.testng.reporters.JUnitReportReporter -->
<testsuite hostname="LeshmiSat" failures="0" tests="2" name="com.buffalocart.test.AllLeadTest" time="15.458" errors="0" timestamp="2022-02-01T08:06:27 IST" skipped="0">
  <testcase classname="com.buffalocart.test.AllLeadTest" name="verifyLogin" time="11.985"/>
  <system-out/>
  <testcase classname="com.buffalocart.test.AllLeadTest" name="verifyTheLeadpage" time="3.473"/>
  <system-out/>
</testsuite> <!-- com.buffalocart.test.AllLeadTest -->
