<?xml version="1.0" encoding="UTF-8"?>
<!-- Generated by org.testng.reporters.JUnitReportReporter -->
<testsuite hostname="LeshmiSat" failures="0" tests="3" name="com.buffalocart.test.TaskPageTest" time="19.328" errors="0" timestamp="2022-02-01T08:06:27 IST" skipped="0">
  <testcase classname="com.buffalocart.test.TaskPageTest" name="verifyTaskLogin" time="12.841"/>
  <system-out/>
  <testcase classname="com.buffalocart.test.TaskPageTest" name="verifyTaskIcon_" time="3.754"/>
  <system-out/>
  <testcase classname="com.buffalocart.test.TaskPageTest" name="verifyAddnewTask" time="2.733"/>
  <system-out/>
</testsuite> <!-- com.buffalocart.test.TaskPageTest -->
