<?xml version="1.0" encoding="UTF-8"?>
<!-- Generated by org.testng.reporters.JUnitReportReporter -->
<testsuite hostname="LeshmiSat" failures="0" tests="4" name="com.buffalocart.test.NewUserTest" time="21.106" errors="0" timestamp="2022-02-01T08:06:27 IST" skipped="0">
  <testcase classname="com.buffalocart.test.NewUserTest" name="verifyUserSignin" time="12.260"/>
  <system-out/>
  <testcase classname="com.buffalocart.test.NewUserTest" name="verifyUserPage" time="3.882"/>
  <system-out/>
  <testcase classname="com.buffalocart.test.NewUserTest" name="verifyCreateNewUserpage" time="4.943"/>
  <system-out/>
  <testcase classname="com.buffalocart.test.NewUserTest" name="verifyCreateUser" time="0.021"/>
  <system-out/>
</testsuite> <!-- com.buffalocart.test.NewUserTest -->
