<?xml version="1.0" encoding="UTF-8"?>
<!-- Generated by org.testng.reporters.JUnitReportReporter -->
<testsuite hostname="LeshmiSat" failures="0" tests="4" name="com.buffalocart.test.NewUserTest" time="29.610" errors="0" timestamp="2022-01-28T13:02:55 IST" skipped="0">
  <testcase classname="com.buffalocart.test.NewUserTest" name="newLead" time="18.840"/>
  <system-out/>
  <testcase classname="com.buffalocart.test.NewUserTest" name="userPage" time="4.517"/>
  <system-out/>
  <testcase classname="com.buffalocart.test.NewUserTest" name="createnewUserpage" time="6.228"/>
  <system-out/>
  <testcase classname="com.buffalocart.test.NewUserTest" name="create" time="0.025"/>
  <system-out/>
</testsuite> <!-- com.buffalocart.test.NewUserTest -->
